<?xml version="1.0" encoding="UTF-8"?>
<!-- Generated by org.testng.reporters.JUnitReportReporter -->
<testsuite hostname="Asma" failures="0" tests="1" name="allcostco.Home" time="6.763" errors="0" timestamp="20 Nov 2023 05:02:53 GMT" skipped="0">
  <testcase classname="allcostco.Home" name="openBrowser" time="6.763"/>
</testsuite> <!-- allcostco.Home -->
