<?xml version="1.0" encoding="UTF-8"?>
<!-- Generated by org.testng.reporters.JUnitReportReporter -->
<testsuite hostname="Asma" failures="0" tests="1" name="allcostco.Base" time="5.698" errors="0" timestamp="20 Nov 2023 04:51:48 GMT" skipped="0">
  <testcase classname="allcostco.Base" name="openBrowser" time="5.698"/>
</testsuite> <!-- allcostco.Base -->
